<?xml version="1.0" encoding="UTF-8"?>
<testng-results skipped="0" failed="0" total="2" passed="2">
  <reporter-output>
  </reporter-output>
  <suite name="Suite" duration-ms="153587" started-at="2019-12-05T12:24:04Z" finished-at="2019-12-05T12:26:38Z">
    <groups>
    </groups>
    <test name="Test" duration-ms="153587" started-at="2019-12-05T12:24:04Z" finished-at="2019-12-05T12:26:38Z">
      <class name="com.lp.TestBase.BaseTest">
        <test-method status="PASS" signature="openbrowesertest()[pri:0, instance:com.lp.TestBase.BaseTest@1593948d]" name="openbrowesertest" duration-ms="15720" started-at="2019-12-05T17:54:04Z" finished-at="2019-12-05T17:54:20Z">
          <reporter-output>
          </reporter-output>
        </test-method> <!-- openbrowesertest -->
      </class> <!-- com.lp.TestBase.BaseTest -->
      <class name="com.lp.TestBase.LoginTest">
        <test-method status="PASS" signature="logintest()[pri:0, instance:com.lp.TestBase.LoginTest@4cc0edeb]" name="logintest" duration-ms="137846" started-at="2019-12-05T17:54:20Z" finished-at="2019-12-05T17:56:38Z">
          <reporter-output>
          </reporter-output>
        </test-method> <!-- logintest -->
      </class> <!-- com.lp.TestBase.LoginTest -->
    </test> <!-- Test -->
  </suite> <!-- Suite -->
</testng-results>
